<?xml version="1.0" encoding="UTF-8"?>
<!-- Generated by org.testng.reporters.JUnitReportReporter -->
<testsuite hostname="DESKTOP-97H2JQF" failures="0" tests="1" name="test.java.carritocompras.CC_Test" time="58.798" errors="0" timestamp="2025-08-12T16:21:25 CLT" skipped="0">
  <testcase classname="test.java.carritocompras.CC_Test" name="CC_QA_AgregarProductosAlCarrito" time="58.798"/>
  <system-out/>
</testsuite> <!-- test.java.carritocompras.CC_Test -->
