<?xml version="1.0" encoding="UTF-8"?>
<!-- Generated by org.testng.reporters.JUnitReportReporter -->
<testsuite hostname="DESKTOP-97H2JQF" failures="0" tests="1" name="test.java.carritocompras.CC_Test" time="70.265" errors="0" timestamp="2025-08-18T15:59:02 CLT" skipped="0">
  <testcase classname="test.java.carritocompras.CC_Test" name="CC_QA_AgregarProductosAlCarrito" time="70.265"/>
  <system-out/>
</testsuite> <!-- test.java.carritocompras.CC_Test -->
